[2021-06-10 17:41:12,673] {taskinstance.py:876} INFO - Dependencies all met for <TaskInstance: my_dag.training_model_A 2021-06-09T00:00:00+00:00 [queued]>
[2021-06-10 17:41:12,692] {taskinstance.py:876} INFO - Dependencies all met for <TaskInstance: my_dag.training_model_A 2021-06-09T00:00:00+00:00 [queued]>
[2021-06-10 17:41:12,693] {taskinstance.py:1067} INFO - 
--------------------------------------------------------------------------------
[2021-06-10 17:41:12,694] {taskinstance.py:1068} INFO - Starting attempt 1 of 1
[2021-06-10 17:41:12,699] {taskinstance.py:1069} INFO - 
--------------------------------------------------------------------------------
[2021-06-10 17:41:12,714] {taskinstance.py:1087} INFO - Executing <Task(PythonOperator): training_model_A> on 2021-06-09T00:00:00+00:00
[2021-06-10 17:41:12,720] {standard_task_runner.py:52} INFO - Started process 653 to run task
[2021-06-10 17:41:12,728] {standard_task_runner.py:76} INFO - Running: ['***', 'tasks', 'run', 'my_dag', 'training_model_A', '2021-06-09T00:00:00+00:00', '--job-id', '39', '--pool', 'default_pool', '--raw', '--subdir', 'DAGS_FOLDER/my_dags.py', '--cfg-path', '/tmp/tmp38ok25yg', '--error-file', '/tmp/tmpchhqgyay']
[2021-06-10 17:41:12,730] {standard_task_runner.py:77} INFO - Job 39: Subtask training_model_A
[2021-06-10 17:41:12,783] {logging_mixin.py:104} INFO - Running <TaskInstance: my_dag.training_model_A 2021-06-09T00:00:00+00:00 [running]> on host 1bd753f02904
[2021-06-10 17:41:12,853] {taskinstance.py:1282} INFO - Exporting the following env vars:
AIRFLOW_CTX_DAG_OWNER=***
AIRFLOW_CTX_DAG_ID=my_dag
AIRFLOW_CTX_TASK_ID=training_model_A
AIRFLOW_CTX_EXECUTION_DATE=2021-06-09T00:00:00+00:00
AIRFLOW_CTX_DAG_RUN_ID=scheduled__2021-06-09T00:00:00+00:00
[2021-06-10 17:41:12,856] {python.py:151} INFO - Done. Returned value was: 3
[2021-06-10 17:41:12,884] {taskinstance.py:1191} INFO - Marking task as SUCCESS. dag_id=my_dag, task_id=training_model_A, execution_date=20210609T000000, start_date=20210610T174112, end_date=20210610T174112
[2021-06-10 17:41:12,916] {taskinstance.py:1245} INFO - 0 downstream tasks scheduled from follow-on schedule check
[2021-06-10 17:41:12,939] {local_task_job.py:151} INFO - Task exited with return code 0
