[2021-06-10 17:41:12,661] {taskinstance.py:876} INFO - Dependencies all met for <TaskInstance: my_dag.training_model_C 2021-06-09T00:00:00+00:00 [queued]>
[2021-06-10 17:41:12,672] {taskinstance.py:876} INFO - Dependencies all met for <TaskInstance: my_dag.training_model_C 2021-06-09T00:00:00+00:00 [queued]>
[2021-06-10 17:41:12,675] {taskinstance.py:1067} INFO - 
--------------------------------------------------------------------------------
[2021-06-10 17:41:12,676] {taskinstance.py:1068} INFO - Starting attempt 1 of 1
[2021-06-10 17:41:12,679] {taskinstance.py:1069} INFO - 
--------------------------------------------------------------------------------
[2021-06-10 17:41:12,698] {taskinstance.py:1087} INFO - Executing <Task(PythonOperator): training_model_C> on 2021-06-09T00:00:00+00:00
[2021-06-10 17:41:12,705] {standard_task_runner.py:52} INFO - Started process 652 to run task
[2021-06-10 17:41:12,712] {standard_task_runner.py:76} INFO - Running: ['***', 'tasks', 'run', 'my_dag', 'training_model_C', '2021-06-09T00:00:00+00:00', '--job-id', '38', '--pool', 'default_pool', '--raw', '--subdir', 'DAGS_FOLDER/my_dags.py', '--cfg-path', '/tmp/tmpq0jf11sr', '--error-file', '/tmp/tmpe1cnk7i7']
[2021-06-10 17:41:12,713] {standard_task_runner.py:77} INFO - Job 38: Subtask training_model_C
[2021-06-10 17:41:12,763] {logging_mixin.py:104} INFO - Running <TaskInstance: my_dag.training_model_C 2021-06-09T00:00:00+00:00 [running]> on host 1bd753f02904
[2021-06-10 17:41:12,824] {taskinstance.py:1282} INFO - Exporting the following env vars:
AIRFLOW_CTX_DAG_OWNER=***
AIRFLOW_CTX_DAG_ID=my_dag
AIRFLOW_CTX_TASK_ID=training_model_C
AIRFLOW_CTX_EXECUTION_DATE=2021-06-09T00:00:00+00:00
AIRFLOW_CTX_DAG_RUN_ID=scheduled__2021-06-09T00:00:00+00:00
[2021-06-10 17:41:12,826] {python.py:151} INFO - Done. Returned value was: 7
[2021-06-10 17:41:12,859] {taskinstance.py:1191} INFO - Marking task as SUCCESS. dag_id=my_dag, task_id=training_model_C, execution_date=20210609T000000, start_date=20210610T174112, end_date=20210610T174112
[2021-06-10 17:41:12,893] {taskinstance.py:1245} INFO - 0 downstream tasks scheduled from follow-on schedule check
[2021-06-10 17:41:12,922] {local_task_job.py:151} INFO - Task exited with return code 0
