[2021-06-10 17:25:48,493] {scheduler_job.py:182} INFO - Started process (PID=691) to work on /opt/airflow/dags/my_dags.py
[2021-06-10 17:25:48,495] {scheduler_job.py:633} INFO - Processing file /opt/airflow/dags/my_dags.py for tasks to queue
[2021-06-10 17:25:48,496] {logging_mixin.py:104} INFO - [2021-06-10 17:25:48,496] {dagbag.py:487} INFO - Filling up the DagBag from /opt/airflow/dags/my_dags.py
[2021-06-10 17:25:48,503] {logging_mixin.py:104} INFO - [2021-06-10 17:25:48,501] {dagbag.py:320} ERROR - Failed to import: /opt/airflow/dags/my_dags.py
Traceback (most recent call last):
  File "/home/airflow/.local/lib/python3.6/site-packages/airflow/models/dagbag.py", line 317, in _load_modules_from_file
    loader.exec_module(new_module)
  File "<frozen importlib._bootstrap_external>", line 674, in exec_module
  File "<frozen importlib._bootstrap_external>", line 781, in get_code
  File "<frozen importlib._bootstrap_external>", line 741, in source_to_code
  File "<frozen importlib._bootstrap>", line 219, in _call_with_frames_removed
  File "/opt/airflow/dags/my_dags.py", line 27
    python_callable =_training_model
                  ^
SyntaxError: invalid syntax
[2021-06-10 17:25:48,504] {scheduler_job.py:645} WARNING - No viable dags retrieved from /opt/airflow/dags/my_dags.py
[2021-06-10 17:25:48,522] {scheduler_job.py:190} INFO - Processing /opt/airflow/dags/my_dags.py took 0.032 seconds
[2021-06-10 17:27:54,546] {scheduler_job.py:182} INFO - Started process (PID=27) to work on /opt/airflow/dags/my_dags.py
[2021-06-10 17:27:54,548] {scheduler_job.py:633} INFO - Processing file /opt/airflow/dags/my_dags.py for tasks to queue
[2021-06-10 17:27:54,561] {logging_mixin.py:104} INFO - [2021-06-10 17:27:54,560] {dagbag.py:487} INFO - Filling up the DagBag from /opt/airflow/dags/my_dags.py
[2021-06-10 17:27:54,575] {logging_mixin.py:104} INFO - [2021-06-10 17:27:54,573] {dagbag.py:320} ERROR - Failed to import: /opt/airflow/dags/my_dags.py
Traceback (most recent call last):
  File "/home/airflow/.local/lib/python3.6/site-packages/airflow/models/dagbag.py", line 317, in _load_modules_from_file
    loader.exec_module(new_module)
  File "<frozen importlib._bootstrap_external>", line 674, in exec_module
  File "<frozen importlib._bootstrap_external>", line 781, in get_code
  File "<frozen importlib._bootstrap_external>", line 741, in source_to_code
  File "<frozen importlib._bootstrap>", line 219, in _call_with_frames_removed
  File "/opt/airflow/dags/my_dags.py", line 27
    python_callable =_training_model
                  ^
SyntaxError: invalid syntax
[2021-06-10 17:27:54,581] {scheduler_job.py:645} WARNING - No viable dags retrieved from /opt/airflow/dags/my_dags.py
[2021-06-10 17:27:54,625] {scheduler_job.py:190} INFO - Processing /opt/airflow/dags/my_dags.py took 0.083 seconds
[2021-06-10 17:28:25,009] {scheduler_job.py:182} INFO - Started process (PID=96) to work on /opt/airflow/dags/my_dags.py
[2021-06-10 17:28:25,010] {scheduler_job.py:633} INFO - Processing file /opt/airflow/dags/my_dags.py for tasks to queue
[2021-06-10 17:28:25,011] {logging_mixin.py:104} INFO - [2021-06-10 17:28:25,011] {dagbag.py:487} INFO - Filling up the DagBag from /opt/airflow/dags/my_dags.py
[2021-06-10 17:28:25,016] {logging_mixin.py:104} INFO - [2021-06-10 17:28:25,016] {dagbag.py:320} ERROR - Failed to import: /opt/airflow/dags/my_dags.py
Traceback (most recent call last):
  File "/home/airflow/.local/lib/python3.6/site-packages/airflow/models/dagbag.py", line 317, in _load_modules_from_file
    loader.exec_module(new_module)
  File "<frozen importlib._bootstrap_external>", line 674, in exec_module
  File "<frozen importlib._bootstrap_external>", line 781, in get_code
  File "<frozen importlib._bootstrap_external>", line 741, in source_to_code
  File "<frozen importlib._bootstrap>", line 219, in _call_with_frames_removed
  File "/opt/airflow/dags/my_dags.py", line 27
    python_callable =_training_model
                  ^
SyntaxError: invalid syntax
[2021-06-10 17:28:25,018] {scheduler_job.py:645} WARNING - No viable dags retrieved from /opt/airflow/dags/my_dags.py
[2021-06-10 17:28:25,033] {scheduler_job.py:190} INFO - Processing /opt/airflow/dags/my_dags.py took 0.029 seconds
[2021-06-10 17:28:55,981] {scheduler_job.py:182} INFO - Started process (PID=161) to work on /opt/airflow/dags/my_dags.py
[2021-06-10 17:28:55,982] {scheduler_job.py:633} INFO - Processing file /opt/airflow/dags/my_dags.py for tasks to queue
[2021-06-10 17:28:55,984] {logging_mixin.py:104} INFO - [2021-06-10 17:28:55,983] {dagbag.py:487} INFO - Filling up the DagBag from /opt/airflow/dags/my_dags.py
[2021-06-10 17:28:55,990] {logging_mixin.py:104} INFO - [2021-06-10 17:28:55,988] {dagbag.py:320} ERROR - Failed to import: /opt/airflow/dags/my_dags.py
Traceback (most recent call last):
  File "/home/airflow/.local/lib/python3.6/site-packages/airflow/models/dagbag.py", line 317, in _load_modules_from_file
    loader.exec_module(new_module)
  File "<frozen importlib._bootstrap_external>", line 674, in exec_module
  File "<frozen importlib._bootstrap_external>", line 781, in get_code
  File "<frozen importlib._bootstrap_external>", line 741, in source_to_code
  File "<frozen importlib._bootstrap>", line 219, in _call_with_frames_removed
  File "/opt/airflow/dags/my_dags.py", line 27
    python_callable =_training_model
                  ^
SyntaxError: invalid syntax
[2021-06-10 17:28:55,991] {scheduler_job.py:645} WARNING - No viable dags retrieved from /opt/airflow/dags/my_dags.py
[2021-06-10 17:28:56,009] {scheduler_job.py:190} INFO - Processing /opt/airflow/dags/my_dags.py took 0.032 seconds
[2021-06-10 17:29:26,688] {scheduler_job.py:182} INFO - Started process (PID=234) to work on /opt/airflow/dags/my_dags.py
[2021-06-10 17:29:26,690] {scheduler_job.py:633} INFO - Processing file /opt/airflow/dags/my_dags.py for tasks to queue
[2021-06-10 17:29:26,692] {logging_mixin.py:104} INFO - [2021-06-10 17:29:26,691] {dagbag.py:487} INFO - Filling up the DagBag from /opt/airflow/dags/my_dags.py
[2021-06-10 17:29:26,700] {logging_mixin.py:104} INFO - [2021-06-10 17:29:26,699] {dagbag.py:320} ERROR - Failed to import: /opt/airflow/dags/my_dags.py
Traceback (most recent call last):
  File "/home/airflow/.local/lib/python3.6/site-packages/airflow/models/dagbag.py", line 317, in _load_modules_from_file
    loader.exec_module(new_module)
  File "<frozen importlib._bootstrap_external>", line 674, in exec_module
  File "<frozen importlib._bootstrap_external>", line 781, in get_code
  File "<frozen importlib._bootstrap_external>", line 741, in source_to_code
  File "<frozen importlib._bootstrap>", line 219, in _call_with_frames_removed
  File "/opt/airflow/dags/my_dags.py", line 30
    training_model_B = PythonOperator(
    ^
IndentationError: unexpected indent
[2021-06-10 17:29:26,702] {scheduler_job.py:645} WARNING - No viable dags retrieved from /opt/airflow/dags/my_dags.py
[2021-06-10 17:29:26,724] {scheduler_job.py:190} INFO - Processing /opt/airflow/dags/my_dags.py took 0.040 seconds
[2021-06-10 17:29:57,337] {scheduler_job.py:182} INFO - Started process (PID=292) to work on /opt/airflow/dags/my_dags.py
[2021-06-10 17:29:57,357] {scheduler_job.py:633} INFO - Processing file /opt/airflow/dags/my_dags.py for tasks to queue
[2021-06-10 17:29:57,359] {logging_mixin.py:104} INFO - [2021-06-10 17:29:57,359] {dagbag.py:487} INFO - Filling up the DagBag from /opt/airflow/dags/my_dags.py
[2021-06-10 17:29:57,366] {logging_mixin.py:104} INFO - [2021-06-10 17:29:57,365] {dagbag.py:320} ERROR - Failed to import: /opt/airflow/dags/my_dags.py
Traceback (most recent call last):
  File "/home/airflow/.local/lib/python3.6/site-packages/airflow/models/dagbag.py", line 317, in _load_modules_from_file
    loader.exec_module(new_module)
  File "<frozen importlib._bootstrap_external>", line 674, in exec_module
  File "<frozen importlib._bootstrap_external>", line 781, in get_code
  File "<frozen importlib._bootstrap_external>", line 741, in source_to_code
  File "<frozen importlib._bootstrap>", line 219, in _call_with_frames_removed
  File "/opt/airflow/dags/my_dags.py", line 40
    choose_best_model = BranchPythonOperator{
                                            ^
SyntaxError: invalid syntax
[2021-06-10 17:29:57,368] {scheduler_job.py:645} WARNING - No viable dags retrieved from /opt/airflow/dags/my_dags.py
[2021-06-10 17:29:57,388] {scheduler_job.py:190} INFO - Processing /opt/airflow/dags/my_dags.py took 0.057 seconds
[2021-06-10 17:30:27,606] {scheduler_job.py:182} INFO - Started process (PID=367) to work on /opt/airflow/dags/my_dags.py
[2021-06-10 17:30:27,613] {scheduler_job.py:633} INFO - Processing file /opt/airflow/dags/my_dags.py for tasks to queue
[2021-06-10 17:30:27,615] {logging_mixin.py:104} INFO - [2021-06-10 17:30:27,615] {dagbag.py:487} INFO - Filling up the DagBag from /opt/airflow/dags/my_dags.py
[2021-06-10 17:30:27,627] {logging_mixin.py:104} INFO - [2021-06-10 17:30:27,624] {dagbag.py:320} ERROR - Failed to import: /opt/airflow/dags/my_dags.py
Traceback (most recent call last):
  File "/home/airflow/.local/lib/python3.6/site-packages/airflow/models/dagbag.py", line 317, in _load_modules_from_file
    loader.exec_module(new_module)
  File "<frozen importlib._bootstrap_external>", line 674, in exec_module
  File "<frozen importlib._bootstrap_external>", line 781, in get_code
  File "<frozen importlib._bootstrap_external>", line 741, in source_to_code
  File "<frozen importlib._bootstrap>", line 219, in _call_with_frames_removed
  File "/opt/airflow/dags/my_dags.py", line 45
    accurate = BashOperator{
                           ^
SyntaxError: invalid syntax
[2021-06-10 17:30:27,629] {scheduler_job.py:645} WARNING - No viable dags retrieved from /opt/airflow/dags/my_dags.py
[2021-06-10 17:30:27,653] {scheduler_job.py:190} INFO - Processing /opt/airflow/dags/my_dags.py took 0.052 seconds
[2021-06-10 17:30:57,863] {scheduler_job.py:182} INFO - Started process (PID=425) to work on /opt/airflow/dags/my_dags.py
[2021-06-10 17:30:57,865] {scheduler_job.py:633} INFO - Processing file /opt/airflow/dags/my_dags.py for tasks to queue
[2021-06-10 17:30:57,867] {logging_mixin.py:104} INFO - [2021-06-10 17:30:57,866] {dagbag.py:487} INFO - Filling up the DagBag from /opt/airflow/dags/my_dags.py
[2021-06-10 17:30:57,903] {scheduler_job.py:643} INFO - DAG(s) dict_keys(['my_dag']) retrieved from /opt/airflow/dags/my_dags.py
[2021-06-10 17:31:00,482] {logging_mixin.py:104} INFO - [2021-06-10 17:31:00,482] {dag.py:1832} INFO - Sync 1 DAGs
[2021-06-10 17:31:00,493] {logging_mixin.py:104} INFO - [2021-06-10 17:31:00,492] {dag.py:1851} INFO - Creating ORM DAG for my_dag
[2021-06-10 17:31:00,503] {logging_mixin.py:104} INFO - [2021-06-10 17:31:00,503] {dag.py:2305} INFO - Setting next_dagrun for my_dag to 2021-06-09 00:00:00+00:00
[2021-06-10 17:31:00,518] {scheduler_job.py:190} INFO - Processing /opt/airflow/dags/my_dags.py took 2.660 seconds
[2021-06-10 17:31:30,981] {scheduler_job.py:182} INFO - Started process (PID=511) to work on /opt/airflow/dags/my_dags.py
[2021-06-10 17:31:30,983] {scheduler_job.py:633} INFO - Processing file /opt/airflow/dags/my_dags.py for tasks to queue
[2021-06-10 17:31:30,984] {logging_mixin.py:104} INFO - [2021-06-10 17:31:30,984] {dagbag.py:487} INFO - Filling up the DagBag from /opt/airflow/dags/my_dags.py
[2021-06-10 17:31:31,025] {scheduler_job.py:643} INFO - DAG(s) dict_keys(['my_dag']) retrieved from /opt/airflow/dags/my_dags.py
[2021-06-10 17:31:31,049] {logging_mixin.py:104} INFO - [2021-06-10 17:31:31,049] {dag.py:1832} INFO - Sync 1 DAGs
[2021-06-10 17:31:31,070] {logging_mixin.py:104} INFO - [2021-06-10 17:31:31,070] {dag.py:2305} INFO - Setting next_dagrun for my_dag to 2021-06-09 00:00:00+00:00
[2021-06-10 17:31:31,080] {scheduler_job.py:190} INFO - Processing /opt/airflow/dags/my_dags.py took 0.104 seconds
[2021-06-10 17:32:15,014] {scheduler_job.py:182} INFO - Started process (PID=28) to work on /opt/airflow/dags/my_dags.py
[2021-06-10 17:32:15,020] {scheduler_job.py:633} INFO - Processing file /opt/airflow/dags/my_dags.py for tasks to queue
[2021-06-10 17:32:15,032] {logging_mixin.py:104} INFO - [2021-06-10 17:32:15,031] {dagbag.py:487} INFO - Filling up the DagBag from /opt/airflow/dags/my_dags.py
[2021-06-10 17:32:15,080] {scheduler_job.py:643} INFO - DAG(s) dict_keys(['my_dag']) retrieved from /opt/airflow/dags/my_dags.py
[2021-06-10 17:32:15,143] {logging_mixin.py:104} INFO - [2021-06-10 17:32:15,143] {dag.py:1832} INFO - Sync 1 DAGs
[2021-06-10 17:32:15,198] {logging_mixin.py:104} INFO - [2021-06-10 17:32:15,198] {dag.py:2305} INFO - Setting next_dagrun for my_dag to 2021-06-09 00:00:00+00:00
[2021-06-10 17:32:15,233] {scheduler_job.py:190} INFO - Processing /opt/airflow/dags/my_dags.py took 0.226 seconds
[2021-06-10 17:32:45,526] {scheduler_job.py:182} INFO - Started process (PID=90) to work on /opt/airflow/dags/my_dags.py
[2021-06-10 17:32:45,533] {scheduler_job.py:633} INFO - Processing file /opt/airflow/dags/my_dags.py for tasks to queue
[2021-06-10 17:32:45,536] {logging_mixin.py:104} INFO - [2021-06-10 17:32:45,535] {dagbag.py:487} INFO - Filling up the DagBag from /opt/airflow/dags/my_dags.py
[2021-06-10 17:32:45,587] {scheduler_job.py:643} INFO - DAG(s) dict_keys(['my_dag']) retrieved from /opt/airflow/dags/my_dags.py
[2021-06-10 17:32:45,631] {logging_mixin.py:104} INFO - [2021-06-10 17:32:45,631] {dag.py:1832} INFO - Sync 1 DAGs
[2021-06-10 17:32:45,680] {logging_mixin.py:104} INFO - [2021-06-10 17:32:45,680] {dag.py:2305} INFO - Setting next_dagrun for my_dag to 2021-06-09 00:00:00+00:00
[2021-06-10 17:32:45,695] {scheduler_job.py:190} INFO - Processing /opt/airflow/dags/my_dags.py took 0.175 seconds
[2021-06-10 17:33:16,566] {scheduler_job.py:182} INFO - Started process (PID=161) to work on /opt/airflow/dags/my_dags.py
[2021-06-10 17:33:16,568] {scheduler_job.py:633} INFO - Processing file /opt/airflow/dags/my_dags.py for tasks to queue
[2021-06-10 17:33:16,570] {logging_mixin.py:104} INFO - [2021-06-10 17:33:16,570] {dagbag.py:487} INFO - Filling up the DagBag from /opt/airflow/dags/my_dags.py
[2021-06-10 17:33:16,604] {scheduler_job.py:643} INFO - DAG(s) dict_keys(['my_dag']) retrieved from /opt/airflow/dags/my_dags.py
[2021-06-10 17:33:16,639] {logging_mixin.py:104} INFO - [2021-06-10 17:33:16,639] {dag.py:1832} INFO - Sync 1 DAGs
[2021-06-10 17:33:16,686] {logging_mixin.py:104} INFO - [2021-06-10 17:33:16,686] {dag.py:2305} INFO - Setting next_dagrun for my_dag to 2021-06-09 00:00:00+00:00
[2021-06-10 17:33:16,700] {scheduler_job.py:190} INFO - Processing /opt/airflow/dags/my_dags.py took 0.142 seconds
[2021-06-10 17:33:47,377] {scheduler_job.py:182} INFO - Started process (PID=224) to work on /opt/airflow/dags/my_dags.py
[2021-06-10 17:33:47,380] {scheduler_job.py:633} INFO - Processing file /opt/airflow/dags/my_dags.py for tasks to queue
[2021-06-10 17:33:47,381] {logging_mixin.py:104} INFO - [2021-06-10 17:33:47,381] {dagbag.py:487} INFO - Filling up the DagBag from /opt/airflow/dags/my_dags.py
[2021-06-10 17:33:47,404] {scheduler_job.py:643} INFO - DAG(s) dict_keys(['my_dag']) retrieved from /opt/airflow/dags/my_dags.py
[2021-06-10 17:33:47,424] {logging_mixin.py:104} INFO - [2021-06-10 17:33:47,424] {dag.py:1832} INFO - Sync 1 DAGs
[2021-06-10 17:33:47,446] {logging_mixin.py:104} INFO - [2021-06-10 17:33:47,446] {dag.py:2305} INFO - Setting next_dagrun for my_dag to 2021-06-09 00:00:00+00:00
[2021-06-10 17:33:47,455] {scheduler_job.py:190} INFO - Processing /opt/airflow/dags/my_dags.py took 0.083 seconds
[2021-06-10 17:34:17,706] {scheduler_job.py:182} INFO - Started process (PID=299) to work on /opt/airflow/dags/my_dags.py
[2021-06-10 17:34:17,708] {scheduler_job.py:633} INFO - Processing file /opt/airflow/dags/my_dags.py for tasks to queue
[2021-06-10 17:34:17,710] {logging_mixin.py:104} INFO - [2021-06-10 17:34:17,710] {dagbag.py:487} INFO - Filling up the DagBag from /opt/airflow/dags/my_dags.py
[2021-06-10 17:34:17,733] {scheduler_job.py:643} INFO - DAG(s) dict_keys(['my_dag']) retrieved from /opt/airflow/dags/my_dags.py
[2021-06-10 17:34:17,759] {logging_mixin.py:104} INFO - [2021-06-10 17:34:17,759] {dag.py:1832} INFO - Sync 1 DAGs
[2021-06-10 17:34:17,787] {logging_mixin.py:104} INFO - [2021-06-10 17:34:17,787] {dag.py:2305} INFO - Setting next_dagrun for my_dag to 2021-06-09 00:00:00+00:00
[2021-06-10 17:34:17,804] {scheduler_job.py:190} INFO - Processing /opt/airflow/dags/my_dags.py took 0.101 seconds
[2021-06-10 17:34:48,149] {scheduler_job.py:182} INFO - Started process (PID=368) to work on /opt/airflow/dags/my_dags.py
[2021-06-10 17:34:48,151] {scheduler_job.py:633} INFO - Processing file /opt/airflow/dags/my_dags.py for tasks to queue
[2021-06-10 17:34:48,152] {logging_mixin.py:104} INFO - [2021-06-10 17:34:48,152] {dagbag.py:487} INFO - Filling up the DagBag from /opt/airflow/dags/my_dags.py
[2021-06-10 17:34:48,174] {scheduler_job.py:643} INFO - DAG(s) dict_keys(['my_dag']) retrieved from /opt/airflow/dags/my_dags.py
[2021-06-10 17:34:48,198] {logging_mixin.py:104} INFO - [2021-06-10 17:34:48,198] {dag.py:1832} INFO - Sync 1 DAGs
[2021-06-10 17:34:48,220] {logging_mixin.py:104} INFO - [2021-06-10 17:34:48,220] {dag.py:2305} INFO - Setting next_dagrun for my_dag to 2021-06-09 00:00:00+00:00
[2021-06-10 17:34:48,229] {scheduler_job.py:190} INFO - Processing /opt/airflow/dags/my_dags.py took 0.084 seconds
[2021-06-10 17:35:19,100] {scheduler_job.py:182} INFO - Started process (PID=430) to work on /opt/airflow/dags/my_dags.py
[2021-06-10 17:35:19,102] {scheduler_job.py:633} INFO - Processing file /opt/airflow/dags/my_dags.py for tasks to queue
[2021-06-10 17:35:19,103] {logging_mixin.py:104} INFO - [2021-06-10 17:35:19,103] {dagbag.py:487} INFO - Filling up the DagBag from /opt/airflow/dags/my_dags.py
[2021-06-10 17:35:19,123] {scheduler_job.py:643} INFO - DAG(s) dict_keys(['my_dag']) retrieved from /opt/airflow/dags/my_dags.py
[2021-06-10 17:35:19,144] {logging_mixin.py:104} INFO - [2021-06-10 17:35:19,144] {dag.py:1832} INFO - Sync 1 DAGs
[2021-06-10 17:35:19,163] {logging_mixin.py:104} INFO - [2021-06-10 17:35:19,163] {dag.py:2305} INFO - Setting next_dagrun for my_dag to 2021-06-09 00:00:00+00:00
[2021-06-10 17:35:19,171] {scheduler_job.py:190} INFO - Processing /opt/airflow/dags/my_dags.py took 0.074 seconds
[2021-06-10 17:35:49,600] {scheduler_job.py:182} INFO - Started process (PID=508) to work on /opt/airflow/dags/my_dags.py
[2021-06-10 17:35:49,603] {scheduler_job.py:633} INFO - Processing file /opt/airflow/dags/my_dags.py for tasks to queue
[2021-06-10 17:35:49,604] {logging_mixin.py:104} INFO - [2021-06-10 17:35:49,604] {dagbag.py:487} INFO - Filling up the DagBag from /opt/airflow/dags/my_dags.py
[2021-06-10 17:35:49,627] {scheduler_job.py:643} INFO - DAG(s) dict_keys(['my_dag']) retrieved from /opt/airflow/dags/my_dags.py
[2021-06-10 17:35:49,648] {logging_mixin.py:104} INFO - [2021-06-10 17:35:49,648] {dag.py:1832} INFO - Sync 1 DAGs
[2021-06-10 17:35:49,666] {logging_mixin.py:104} INFO - [2021-06-10 17:35:49,666] {dag.py:2305} INFO - Setting next_dagrun for my_dag to 2021-06-09 00:00:00+00:00
[2021-06-10 17:35:49,674] {scheduler_job.py:190} INFO - Processing /opt/airflow/dags/my_dags.py took 0.080 seconds
[2021-06-10 17:36:19,793] {scheduler_job.py:182} INFO - Started process (PID=570) to work on /opt/airflow/dags/my_dags.py
[2021-06-10 17:36:19,795] {scheduler_job.py:633} INFO - Processing file /opt/airflow/dags/my_dags.py for tasks to queue
[2021-06-10 17:36:19,797] {logging_mixin.py:104} INFO - [2021-06-10 17:36:19,797] {dagbag.py:487} INFO - Filling up the DagBag from /opt/airflow/dags/my_dags.py
[2021-06-10 17:36:19,833] {scheduler_job.py:643} INFO - DAG(s) dict_keys(['my_dag']) retrieved from /opt/airflow/dags/my_dags.py
[2021-06-10 17:36:19,868] {logging_mixin.py:104} INFO - [2021-06-10 17:36:19,868] {dag.py:1832} INFO - Sync 1 DAGs
[2021-06-10 17:36:19,914] {logging_mixin.py:104} INFO - [2021-06-10 17:36:19,914] {dag.py:2305} INFO - Setting next_dagrun for my_dag to 2021-06-09 00:00:00+00:00
[2021-06-10 17:36:19,925] {scheduler_job.py:190} INFO - Processing /opt/airflow/dags/my_dags.py took 0.138 seconds
[2021-06-10 17:36:50,192] {scheduler_job.py:182} INFO - Started process (PID=644) to work on /opt/airflow/dags/my_dags.py
[2021-06-10 17:36:50,195] {scheduler_job.py:633} INFO - Processing file /opt/airflow/dags/my_dags.py for tasks to queue
[2021-06-10 17:36:50,197] {logging_mixin.py:104} INFO - [2021-06-10 17:36:50,196] {dagbag.py:487} INFO - Filling up the DagBag from /opt/airflow/dags/my_dags.py
[2021-06-10 17:36:50,226] {scheduler_job.py:643} INFO - DAG(s) dict_keys(['my_dag']) retrieved from /opt/airflow/dags/my_dags.py
[2021-06-10 17:36:50,255] {logging_mixin.py:104} INFO - [2021-06-10 17:36:50,255] {dag.py:1832} INFO - Sync 1 DAGs
[2021-06-10 17:36:50,281] {logging_mixin.py:104} INFO - [2021-06-10 17:36:50,281] {dag.py:2305} INFO - Setting next_dagrun for my_dag to 2021-06-09 00:00:00+00:00
[2021-06-10 17:36:50,291] {scheduler_job.py:190} INFO - Processing /opt/airflow/dags/my_dags.py took 0.105 seconds
[2021-06-10 17:37:21,035] {scheduler_job.py:182} INFO - Started process (PID=703) to work on /opt/airflow/dags/my_dags.py
[2021-06-10 17:37:21,037] {scheduler_job.py:633} INFO - Processing file /opt/airflow/dags/my_dags.py for tasks to queue
[2021-06-10 17:37:21,038] {logging_mixin.py:104} INFO - [2021-06-10 17:37:21,038] {dagbag.py:487} INFO - Filling up the DagBag from /opt/airflow/dags/my_dags.py
[2021-06-10 17:37:21,048] {logging_mixin.py:104} INFO - [2021-06-10 17:37:21,044] {dagbag.py:320} ERROR - Failed to import: /opt/airflow/dags/my_dags.py
Traceback (most recent call last):
  File "/home/airflow/.local/lib/python3.6/site-packages/airflow/models/dagbag.py", line 317, in _load_modules_from_file
    loader.exec_module(new_module)
  File "<frozen importlib._bootstrap_external>", line 674, in exec_module
  File "<frozen importlib._bootstrap_external>", line 781, in get_code
  File "<frozen importlib._bootstrap_external>", line 741, in source_to_code
  File "<frozen importlib._bootstrap>", line 219, in _call_with_frames_removed
  File "/opt/airflow/dags/my_dags.py", line 55
    >>
     ^
SyntaxError: invalid syntax
[2021-06-10 17:37:21,050] {scheduler_job.py:645} WARNING - No viable dags retrieved from /opt/airflow/dags/my_dags.py
[2021-06-10 17:37:21,068] {scheduler_job.py:190} INFO - Processing /opt/airflow/dags/my_dags.py took 0.038 seconds
[2021-06-10 17:37:51,857] {scheduler_job.py:182} INFO - Started process (PID=777) to work on /opt/airflow/dags/my_dags.py
[2021-06-10 17:37:51,859] {scheduler_job.py:633} INFO - Processing file /opt/airflow/dags/my_dags.py for tasks to queue
[2021-06-10 17:37:51,861] {logging_mixin.py:104} INFO - [2021-06-10 17:37:51,861] {dagbag.py:487} INFO - Filling up the DagBag from /opt/airflow/dags/my_dags.py
[2021-06-10 17:37:51,891] {scheduler_job.py:643} INFO - DAG(s) dict_keys(['my_dag']) retrieved from /opt/airflow/dags/my_dags.py
[2021-06-10 17:37:52,114] {logging_mixin.py:104} INFO - [2021-06-10 17:37:52,114] {dag.py:1832} INFO - Sync 1 DAGs
[2021-06-10 17:37:52,135] {logging_mixin.py:104} INFO - [2021-06-10 17:37:52,135] {dag.py:2305} INFO - Setting next_dagrun for my_dag to 2021-06-09 00:00:00+00:00
[2021-06-10 17:37:52,149] {scheduler_job.py:190} INFO - Processing /opt/airflow/dags/my_dags.py took 0.296 seconds
[2021-06-10 17:38:22,194] {scheduler_job.py:182} INFO - Started process (PID=850) to work on /opt/airflow/dags/my_dags.py
[2021-06-10 17:38:22,196] {scheduler_job.py:633} INFO - Processing file /opt/airflow/dags/my_dags.py for tasks to queue
[2021-06-10 17:38:22,197] {logging_mixin.py:104} INFO - [2021-06-10 17:38:22,197] {dagbag.py:487} INFO - Filling up the DagBag from /opt/airflow/dags/my_dags.py
[2021-06-10 17:38:22,225] {scheduler_job.py:643} INFO - DAG(s) dict_keys(['my_dag']) retrieved from /opt/airflow/dags/my_dags.py
[2021-06-10 17:38:22,496] {logging_mixin.py:104} INFO - [2021-06-10 17:38:22,496] {dag.py:1832} INFO - Sync 1 DAGs
[2021-06-10 17:38:22,516] {logging_mixin.py:104} INFO - [2021-06-10 17:38:22,516] {dag.py:2305} INFO - Setting next_dagrun for my_dag to 2021-06-09 00:00:00+00:00
[2021-06-10 17:38:22,529] {scheduler_job.py:190} INFO - Processing /opt/airflow/dags/my_dags.py took 0.339 seconds
[2021-06-10 17:38:52,880] {scheduler_job.py:182} INFO - Started process (PID=912) to work on /opt/airflow/dags/my_dags.py
[2021-06-10 17:38:52,884] {scheduler_job.py:633} INFO - Processing file /opt/airflow/dags/my_dags.py for tasks to queue
[2021-06-10 17:38:52,886] {logging_mixin.py:104} INFO - [2021-06-10 17:38:52,886] {dagbag.py:487} INFO - Filling up the DagBag from /opt/airflow/dags/my_dags.py
[2021-06-10 17:38:52,930] {scheduler_job.py:643} INFO - DAG(s) dict_keys(['my_dag']) retrieved from /opt/airflow/dags/my_dags.py
[2021-06-10 17:38:52,963] {logging_mixin.py:104} INFO - [2021-06-10 17:38:52,963] {dag.py:1832} INFO - Sync 1 DAGs
[2021-06-10 17:38:53,002] {logging_mixin.py:104} INFO - [2021-06-10 17:38:53,001] {dag.py:2305} INFO - Setting next_dagrun for my_dag to 2021-06-09 00:00:00+00:00
[2021-06-10 17:38:53,023] {scheduler_job.py:190} INFO - Processing /opt/airflow/dags/my_dags.py took 0.150 seconds
[2021-06-10 17:39:23,564] {scheduler_job.py:182} INFO - Started process (PID=988) to work on /opt/airflow/dags/my_dags.py
[2021-06-10 17:39:23,566] {scheduler_job.py:633} INFO - Processing file /opt/airflow/dags/my_dags.py for tasks to queue
[2021-06-10 17:39:23,568] {logging_mixin.py:104} INFO - [2021-06-10 17:39:23,568] {dagbag.py:487} INFO - Filling up the DagBag from /opt/airflow/dags/my_dags.py
[2021-06-10 17:39:23,605] {scheduler_job.py:643} INFO - DAG(s) dict_keys(['my_dag']) retrieved from /opt/airflow/dags/my_dags.py
[2021-06-10 17:39:23,632] {logging_mixin.py:104} INFO - [2021-06-10 17:39:23,632] {dag.py:1832} INFO - Sync 1 DAGs
[2021-06-10 17:39:23,676] {logging_mixin.py:104} INFO - [2021-06-10 17:39:23,676] {dag.py:2305} INFO - Setting next_dagrun for my_dag to 2021-06-09 00:00:00+00:00
[2021-06-10 17:39:23,694] {scheduler_job.py:190} INFO - Processing /opt/airflow/dags/my_dags.py took 0.135 seconds
[2021-06-10 17:39:54,514] {scheduler_job.py:182} INFO - Started process (PID=1049) to work on /opt/airflow/dags/my_dags.py
[2021-06-10 17:39:54,516] {scheduler_job.py:633} INFO - Processing file /opt/airflow/dags/my_dags.py for tasks to queue
[2021-06-10 17:39:54,518] {logging_mixin.py:104} INFO - [2021-06-10 17:39:54,517] {dagbag.py:487} INFO - Filling up the DagBag from /opt/airflow/dags/my_dags.py
[2021-06-10 17:39:54,543] {scheduler_job.py:643} INFO - DAG(s) dict_keys(['my_dag']) retrieved from /opt/airflow/dags/my_dags.py
[2021-06-10 17:39:54,564] {logging_mixin.py:104} INFO - [2021-06-10 17:39:54,564] {dag.py:1832} INFO - Sync 1 DAGs
[2021-06-10 17:39:54,583] {logging_mixin.py:104} INFO - [2021-06-10 17:39:54,583] {dag.py:2305} INFO - Setting next_dagrun for my_dag to 2021-06-09 00:00:00+00:00
[2021-06-10 17:39:54,593] {scheduler_job.py:190} INFO - Processing /opt/airflow/dags/my_dags.py took 0.085 seconds
[2021-06-10 17:40:24,850] {scheduler_job.py:182} INFO - Started process (PID=1123) to work on /opt/airflow/dags/my_dags.py
[2021-06-10 17:40:24,852] {scheduler_job.py:633} INFO - Processing file /opt/airflow/dags/my_dags.py for tasks to queue
[2021-06-10 17:40:24,854] {logging_mixin.py:104} INFO - [2021-06-10 17:40:24,853] {dagbag.py:487} INFO - Filling up the DagBag from /opt/airflow/dags/my_dags.py
[2021-06-10 17:40:24,876] {scheduler_job.py:643} INFO - DAG(s) dict_keys(['my_dag']) retrieved from /opt/airflow/dags/my_dags.py
[2021-06-10 17:40:24,896] {logging_mixin.py:104} INFO - [2021-06-10 17:40:24,896] {dag.py:1832} INFO - Sync 1 DAGs
[2021-06-10 17:40:24,916] {logging_mixin.py:104} INFO - [2021-06-10 17:40:24,916] {dag.py:2305} INFO - Setting next_dagrun for my_dag to 2021-06-09 00:00:00+00:00
[2021-06-10 17:40:24,924] {scheduler_job.py:190} INFO - Processing /opt/airflow/dags/my_dags.py took 0.080 seconds
[2021-06-10 17:40:55,494] {scheduler_job.py:182} INFO - Started process (PID=1184) to work on /opt/airflow/dags/my_dags.py
[2021-06-10 17:40:55,497] {scheduler_job.py:633} INFO - Processing file /opt/airflow/dags/my_dags.py for tasks to queue
[2021-06-10 17:40:55,500] {logging_mixin.py:104} INFO - [2021-06-10 17:40:55,500] {dagbag.py:487} INFO - Filling up the DagBag from /opt/airflow/dags/my_dags.py
[2021-06-10 17:40:55,545] {scheduler_job.py:643} INFO - DAG(s) dict_keys(['my_dag']) retrieved from /opt/airflow/dags/my_dags.py
[2021-06-10 17:40:55,567] {logging_mixin.py:104} INFO - [2021-06-10 17:40:55,567] {dag.py:1832} INFO - Sync 1 DAGs
[2021-06-10 17:40:55,594] {logging_mixin.py:104} INFO - [2021-06-10 17:40:55,594] {dag.py:2305} INFO - Setting next_dagrun for my_dag to 2021-06-09 00:00:00+00:00
[2021-06-10 17:40:55,606] {scheduler_job.py:190} INFO - Processing /opt/airflow/dags/my_dags.py took 0.118 seconds
[2021-06-10 17:41:26,223] {scheduler_job.py:182} INFO - Started process (PID=1263) to work on /opt/airflow/dags/my_dags.py
[2021-06-10 17:41:26,225] {scheduler_job.py:633} INFO - Processing file /opt/airflow/dags/my_dags.py for tasks to queue
[2021-06-10 17:41:26,227] {logging_mixin.py:104} INFO - [2021-06-10 17:41:26,227] {dagbag.py:487} INFO - Filling up the DagBag from /opt/airflow/dags/my_dags.py
[2021-06-10 17:41:26,255] {scheduler_job.py:643} INFO - DAG(s) dict_keys(['my_dag']) retrieved from /opt/airflow/dags/my_dags.py
[2021-06-10 17:41:26,281] {logging_mixin.py:104} INFO - [2021-06-10 17:41:26,281] {dag.py:1832} INFO - Sync 1 DAGs
[2021-06-10 17:41:26,307] {logging_mixin.py:104} INFO - [2021-06-10 17:41:26,307] {dag.py:2305} INFO - Setting next_dagrun for my_dag to 2021-06-10 00:00:00+00:00
[2021-06-10 17:41:26,317] {scheduler_job.py:190} INFO - Processing /opt/airflow/dags/my_dags.py took 0.099 seconds
[2021-06-10 17:41:56,628] {scheduler_job.py:182} INFO - Started process (PID=1335) to work on /opt/airflow/dags/my_dags.py
[2021-06-10 17:41:56,632] {scheduler_job.py:633} INFO - Processing file /opt/airflow/dags/my_dags.py for tasks to queue
[2021-06-10 17:41:56,633] {logging_mixin.py:104} INFO - [2021-06-10 17:41:56,633] {dagbag.py:487} INFO - Filling up the DagBag from /opt/airflow/dags/my_dags.py
[2021-06-10 17:41:56,659] {scheduler_job.py:643} INFO - DAG(s) dict_keys(['my_dag']) retrieved from /opt/airflow/dags/my_dags.py
[2021-06-10 17:41:56,685] {logging_mixin.py:104} INFO - [2021-06-10 17:41:56,685] {dag.py:1832} INFO - Sync 1 DAGs
[2021-06-10 17:41:56,704] {logging_mixin.py:104} INFO - [2021-06-10 17:41:56,704] {dag.py:2305} INFO - Setting next_dagrun for my_dag to 2021-06-10 00:00:00+00:00
[2021-06-10 17:41:56,714] {scheduler_job.py:190} INFO - Processing /opt/airflow/dags/my_dags.py took 0.092 seconds
[2021-06-10 17:42:27,449] {scheduler_job.py:182} INFO - Started process (PID=1396) to work on /opt/airflow/dags/my_dags.py
[2021-06-10 17:42:27,451] {scheduler_job.py:633} INFO - Processing file /opt/airflow/dags/my_dags.py for tasks to queue
[2021-06-10 17:42:27,453] {logging_mixin.py:104} INFO - [2021-06-10 17:42:27,452] {dagbag.py:487} INFO - Filling up the DagBag from /opt/airflow/dags/my_dags.py
[2021-06-10 17:42:27,476] {scheduler_job.py:643} INFO - DAG(s) dict_keys(['my_dag']) retrieved from /opt/airflow/dags/my_dags.py
[2021-06-10 17:42:27,500] {logging_mixin.py:104} INFO - [2021-06-10 17:42:27,500] {dag.py:1832} INFO - Sync 1 DAGs
[2021-06-10 17:42:27,521] {logging_mixin.py:104} INFO - [2021-06-10 17:42:27,521] {dag.py:2305} INFO - Setting next_dagrun for my_dag to 2021-06-10 00:00:00+00:00
[2021-06-10 17:42:27,533] {scheduler_job.py:190} INFO - Processing /opt/airflow/dags/my_dags.py took 0.088 seconds
[2021-06-10 17:42:58,243] {scheduler_job.py:182} INFO - Started process (PID=1470) to work on /opt/airflow/dags/my_dags.py
[2021-06-10 17:42:58,245] {scheduler_job.py:633} INFO - Processing file /opt/airflow/dags/my_dags.py for tasks to queue
[2021-06-10 17:42:58,246] {logging_mixin.py:104} INFO - [2021-06-10 17:42:58,246] {dagbag.py:487} INFO - Filling up the DagBag from /opt/airflow/dags/my_dags.py
[2021-06-10 17:42:58,272] {scheduler_job.py:643} INFO - DAG(s) dict_keys(['my_dag']) retrieved from /opt/airflow/dags/my_dags.py
[2021-06-10 17:42:58,293] {logging_mixin.py:104} INFO - [2021-06-10 17:42:58,293] {dag.py:1832} INFO - Sync 1 DAGs
[2021-06-10 17:42:58,311] {logging_mixin.py:104} INFO - [2021-06-10 17:42:58,311] {dag.py:2305} INFO - Setting next_dagrun for my_dag to 2021-06-10 00:00:00+00:00
[2021-06-10 17:42:58,322] {scheduler_job.py:190} INFO - Processing /opt/airflow/dags/my_dags.py took 0.084 seconds
[2021-06-10 17:43:28,691] {scheduler_job.py:182} INFO - Started process (PID=1529) to work on /opt/airflow/dags/my_dags.py
[2021-06-10 17:43:28,693] {scheduler_job.py:633} INFO - Processing file /opt/airflow/dags/my_dags.py for tasks to queue
[2021-06-10 17:43:28,695] {logging_mixin.py:104} INFO - [2021-06-10 17:43:28,694] {dagbag.py:487} INFO - Filling up the DagBag from /opt/airflow/dags/my_dags.py
[2021-06-10 17:43:28,724] {scheduler_job.py:643} INFO - DAG(s) dict_keys(['my_dag']) retrieved from /opt/airflow/dags/my_dags.py
[2021-06-10 17:43:28,745] {logging_mixin.py:104} INFO - [2021-06-10 17:43:28,745] {dag.py:1832} INFO - Sync 1 DAGs
[2021-06-10 17:43:28,766] {logging_mixin.py:104} INFO - [2021-06-10 17:43:28,766] {dag.py:2305} INFO - Setting next_dagrun for my_dag to 2021-06-10 00:00:00+00:00
[2021-06-10 17:43:28,779] {scheduler_job.py:190} INFO - Processing /opt/airflow/dags/my_dags.py took 0.092 seconds
[2021-06-10 17:43:59,024] {scheduler_job.py:182} INFO - Started process (PID=1602) to work on /opt/airflow/dags/my_dags.py
[2021-06-10 17:43:59,028] {scheduler_job.py:633} INFO - Processing file /opt/airflow/dags/my_dags.py for tasks to queue
[2021-06-10 17:43:59,030] {logging_mixin.py:104} INFO - [2021-06-10 17:43:59,030] {dagbag.py:487} INFO - Filling up the DagBag from /opt/airflow/dags/my_dags.py
[2021-06-10 17:43:59,073] {scheduler_job.py:643} INFO - DAG(s) dict_keys(['my_dag']) retrieved from /opt/airflow/dags/my_dags.py
[2021-06-10 17:43:59,279] {logging_mixin.py:104} INFO - [2021-06-10 17:43:59,279] {dag.py:1832} INFO - Sync 1 DAGs
[2021-06-10 17:43:59,299] {logging_mixin.py:104} INFO - [2021-06-10 17:43:59,299] {dag.py:2305} INFO - Setting next_dagrun for my_dag to 2021-06-10 00:00:00+00:00
[2021-06-10 17:43:59,312] {scheduler_job.py:190} INFO - Processing /opt/airflow/dags/my_dags.py took 0.294 seconds
