[2021-06-10 17:41:12,678] {taskinstance.py:876} INFO - Dependencies all met for <TaskInstance: my_dag.training_model_B 2021-06-09T00:00:00+00:00 [queued]>
[2021-06-10 17:41:12,694] {taskinstance.py:876} INFO - Dependencies all met for <TaskInstance: my_dag.training_model_B 2021-06-09T00:00:00+00:00 [queued]>
[2021-06-10 17:41:12,695] {taskinstance.py:1067} INFO - 
--------------------------------------------------------------------------------
[2021-06-10 17:41:12,696] {taskinstance.py:1068} INFO - Starting attempt 1 of 1
[2021-06-10 17:41:12,702] {taskinstance.py:1069} INFO - 
--------------------------------------------------------------------------------
[2021-06-10 17:41:12,723] {taskinstance.py:1087} INFO - Executing <Task(PythonOperator): training_model_B> on 2021-06-09T00:00:00+00:00
[2021-06-10 17:41:12,731] {standard_task_runner.py:52} INFO - Started process 654 to run task
[2021-06-10 17:41:12,738] {standard_task_runner.py:76} INFO - Running: ['***', 'tasks', 'run', 'my_dag', 'training_model_B', '2021-06-09T00:00:00+00:00', '--job-id', '40', '--pool', 'default_pool', '--raw', '--subdir', 'DAGS_FOLDER/my_dags.py', '--cfg-path', '/tmp/tmp1r3p4hou', '--error-file', '/tmp/tmpbk5g2x6o']
[2021-06-10 17:41:12,739] {standard_task_runner.py:77} INFO - Job 40: Subtask training_model_B
[2021-06-10 17:41:12,786] {logging_mixin.py:104} INFO - Running <TaskInstance: my_dag.training_model_B 2021-06-09T00:00:00+00:00 [running]> on host 1bd753f02904
[2021-06-10 17:41:12,842] {taskinstance.py:1282} INFO - Exporting the following env vars:
AIRFLOW_CTX_DAG_OWNER=***
AIRFLOW_CTX_DAG_ID=my_dag
AIRFLOW_CTX_TASK_ID=training_model_B
AIRFLOW_CTX_EXECUTION_DATE=2021-06-09T00:00:00+00:00
AIRFLOW_CTX_DAG_RUN_ID=scheduled__2021-06-09T00:00:00+00:00
[2021-06-10 17:41:12,844] {python.py:151} INFO - Done. Returned value was: 3
[2021-06-10 17:41:12,874] {taskinstance.py:1191} INFO - Marking task as SUCCESS. dag_id=my_dag, task_id=training_model_B, execution_date=20210609T000000, start_date=20210610T174112, end_date=20210610T174112
[2021-06-10 17:41:12,908] {taskinstance.py:1245} INFO - 1 downstream tasks scheduled from follow-on schedule check
[2021-06-10 17:41:12,953] {local_task_job.py:151} INFO - Task exited with return code 0
