[2021-06-10 17:41:13,839] {taskinstance.py:876} INFO - Dependencies all met for <TaskInstance: my_dag.choose_best_model 2021-06-09T00:00:00+00:00 [queued]>
[2021-06-10 17:41:13,849] {taskinstance.py:876} INFO - Dependencies all met for <TaskInstance: my_dag.choose_best_model 2021-06-09T00:00:00+00:00 [queued]>
[2021-06-10 17:41:13,850] {taskinstance.py:1067} INFO - 
--------------------------------------------------------------------------------
[2021-06-10 17:41:13,851] {taskinstance.py:1068} INFO - Starting attempt 1 of 1
[2021-06-10 17:41:13,854] {taskinstance.py:1069} INFO - 
--------------------------------------------------------------------------------
[2021-06-10 17:41:13,865] {taskinstance.py:1087} INFO - Executing <Task(BranchPythonOperator): choose_best_model> on 2021-06-09T00:00:00+00:00
[2021-06-10 17:41:13,872] {standard_task_runner.py:52} INFO - Started process 656 to run task
[2021-06-10 17:41:13,876] {standard_task_runner.py:76} INFO - Running: ['***', 'tasks', 'run', 'my_dag', 'choose_best_model', '2021-06-09T00:00:00+00:00', '--job-id', '41', '--pool', 'default_pool', '--raw', '--subdir', 'DAGS_FOLDER/my_dags.py', '--cfg-path', '/tmp/tmp3sbel69d', '--error-file', '/tmp/tmprxv37hlr']
[2021-06-10 17:41:13,877] {standard_task_runner.py:77} INFO - Job 41: Subtask choose_best_model
[2021-06-10 17:41:13,919] {logging_mixin.py:104} INFO - Running <TaskInstance: my_dag.choose_best_model 2021-06-09T00:00:00+00:00 [running]> on host 1bd753f02904
[2021-06-10 17:41:13,968] {taskinstance.py:1282} INFO - Exporting the following env vars:
AIRFLOW_CTX_DAG_OWNER=***
AIRFLOW_CTX_DAG_ID=my_dag
AIRFLOW_CTX_TASK_ID=choose_best_model
AIRFLOW_CTX_EXECUTION_DATE=2021-06-09T00:00:00+00:00
AIRFLOW_CTX_DAG_RUN_ID=scheduled__2021-06-09T00:00:00+00:00
[2021-06-10 17:41:13,978] {python.py:151} INFO - Done. Returned value was: inaccurate
[2021-06-10 17:41:13,978] {skipmixin.py:124} INFO - Following branch inaccurate
[2021-06-10 17:41:13,986] {skipmixin.py:155} INFO - Skipping tasks ['accurate']
[2021-06-10 17:41:14,026] {taskinstance.py:1191} INFO - Marking task as SUCCESS. dag_id=my_dag, task_id=choose_best_model, execution_date=20210609T000000, start_date=20210610T174113, end_date=20210610T174114
[2021-06-10 17:41:14,053] {taskinstance.py:1245} INFO - 1 downstream tasks scheduled from follow-on schedule check
[2021-06-10 17:41:14,089] {local_task_job.py:151} INFO - Task exited with return code 0
